Using pre-set license

 COMMAND LINE ARGUMENTS:
/Users/saxenapratham6/Unity/2020.3.4f1/Unity.app/Contents/MacOS/Unity
-adb2
-batchMode
-noUpm
-name
AssetImportWorker0
-projectPath
/Users/saxenapratham6/Desktop/RoboSub-Simulation/New Unity Project
-logFile
Logs/AssetImportWorker0.log
-srvPort
51997
Successfully changed project path to: /Users/saxenapratham6/Desktop/RoboSub-Simulation/New Unity Project
/Users/saxenapratham6/Desktop/RoboSub-Simulation/New Unity Project
Using Asset Import Pipeline V2.
Refreshing native plugins compatible for Editor in 34.05 ms, found 1 plugins.
Preloading 0 native plugins for Editor in 0.00 ms.
Initialize engine version: 2020.3.4f1 (0abb6314276a)
[Subsystems] Discovering subsystems at path /Users/saxenapratham6/Unity/2020.3.4f1/Unity.app/Contents/Resources/UnitySubsystems
[Subsystems] Discovering subsystems at path /Users/saxenapratham6/Desktop/RoboSub-Simulation/New Unity Project/Assets
GfxDevice: creating device client; threaded=0
2021-06-17 12:02:47.595 Unity[61501:21439030] Color LCD preferred device: Intel(R) Iris(TM) Plus Graphics 645 (low power)
2021-06-17 12:02:47.595 Unity[61501:21439030] Metal devices available: 1
2021-06-17 12:02:47.596 Unity[61501:21439030] 0: Intel(R) Iris(TM) Plus Graphics 645 (low power)
2021-06-17 12:02:47.596 Unity[61501:21439030] Using device Intel(R) Iris(TM) Plus Graphics 645 (low power)
Initializing Metal device caps: Intel(R) Iris(TM) Plus Graphics 645
Initialize mono
Mono path[0] = '/Users/saxenapratham6/Unity/2020.3.4f1/Unity.app/Contents/Managed'
Mono path[1] = '/Users/saxenapratham6/Unity/2020.3.4f1/Unity.app/Contents/MonoBleedingEdge/lib/mono/unityjit'
Mono config path = '/Users/saxenapratham6/Unity/2020.3.4f1/Unity.app/Contents/MonoBleedingEdge/etc'
Using monoOptions --debugger-agent=transport=dt_socket,embedding=1,server=y,suspend=n,address=127.0.0.1:56501
Begin MonoManager ReloadAssembly
Registering precompiled unity dll's ...
Register platform support module: /Users/saxenapratham6/Unity/2020.3.4f1/Unity.app/Contents/PlaybackEngines/MacStandaloneSupport/UnityEditor.OSXStandalone.Extensions.dll
Registered in 0.001847 seconds.
Native extension for OSXStandalone target not found
Refreshing native plugins compatible for Editor in 27.64 ms, found 1 plugins.
Preloading 0 native plugins for Editor in 0.00 ms.
Mono: successfully reloaded assembly
- Completed reload, in  4.031 seconds
Platform modules already initialized, skipping
Registering precompiled user dll's ...
Registered in 0.001169 seconds.
Begin MonoManager ReloadAssembly
Native extension for OSXStandalone target not found
Refreshing native plugins compatible for Editor in 0.39 ms, found 1 plugins.
Preloading 0 native plugins for Editor in 0.00 ms.
Mono: successfully reloaded assembly
- Completed reload, in  1.294 seconds
Platform modules already initialized, skipping
========================================================================
Worker process is ready to serve import requests
Launching external process: /Users/saxenapratham6/Unity/2020.3.4f1/Unity.app/Contents/Tools/UnityShaderCompiler
Launched and connected shader compiler UnityShaderCompiler after 0.02 seconds
Refreshing native plugins compatible for Editor in 0.25 ms, found 1 plugins.
Preloading 0 native plugins for Editor in 0.00 ms.
Unloading 1121 Unused Serialized files (Serialized files now loaded: 0)
System memory in use before: 113.4 MB.
System memory in use after: 113.4 MB.

Unloading 10 unused Assets to reduce memory usage. Loaded Objects now: 1563.
Total: 2.275972 ms (FindLiveObjects: 0.181428 ms CreateObjectMapping: 0.051847 ms MarkObjects: 1.947846 ms  DeleteObjects: 0.093542 ms)

========================================================================
Received Import Request.
  path: Assets/AnyConv.com__WL-11007-1_DVL.fbx
  artifactKey: Guid(dc719ed7d911443e0912dffe7dd58ee5) Importer(815301076,1909f56bfc062723c751e8b465ee728b)
Start importing Assets/AnyConv.com__WL-11007-1_DVL.fbx using Guid(dc719ed7d911443e0912dffe7dd58ee5) Importer(815301076,1909f56bfc062723c751e8b465ee728b)  -> (artifact id: '3add6f641f749f9370b8621b1272275c') in 1.873204 seconds
  Import took 1.875791 seconds .

========================================================================
Received Import Request.
  Time since last request: 0.000216 seconds.
  path: Assets/pinger.obj
  artifactKey: Guid(02d2132230e1d42c08bf5853cd377b74) Importer(815301076,1909f56bfc062723c751e8b465ee728b)
Start importing Assets/pinger.obj using Guid(02d2132230e1d42c08bf5853cd377b74) Importer(815301076,1909f56bfc062723c751e8b465ee728b)  -> (artifact id: 'a6c9f31e37a6b6f1e9d371bf63ae914f') in 4.082798 seconds
  Import took 4.085391 seconds .

========================================================================
Received Import Request.
  Time since last request: 0.000265 seconds.
  path: Assets/Modem-M64.obj
  artifactKey: Guid(71364c03fa90f4b1689f927dd93cc2f0) Importer(815301076,1909f56bfc062723c751e8b465ee728b)
Start importing Assets/Modem-M64.obj using Guid(71364c03fa90f4b1689f927dd93cc2f0) Importer(815301076,1909f56bfc062723c751e8b465ee728b)  -> (artifact id: 'e12a5bea49730625973f4003746a90dd') in 0.038373 seconds
  Import took 0.040940 seconds .

========================================================================
Received Import Request.
  Time since last request: 0.000195 seconds.
  path: Assets/thruster.fbx
  artifactKey: Guid(e0705808d5ce64db997e8b1331a3f5b3) Importer(815301076,1909f56bfc062723c751e8b465ee728b)
Start importing Assets/thruster.fbx using Guid(e0705808d5ce64db997e8b1331a3f5b3) Importer(815301076,1909f56bfc062723c751e8b465ee728b)  -> (artifact id: 'e5159ccb2e71f2b2b28ed39591ff7c1d') in 0.047415 seconds
  Import took 0.049956 seconds .

========================================================================
Received Import Request.
  Time since last request: 0.000202 seconds.
  path: Assets/PING-ASM-R2-PUBLIC.obj
  artifactKey: Guid(ff0df21b312b845deb231bcd57b80925) Importer(815301076,1909f56bfc062723c751e8b465ee728b)
Start importing Assets/PING-ASM-R2-PUBLIC.obj using Guid(ff0df21b312b845deb231bcd57b80925) Importer(815301076,1909f56bfc062723c751e8b465ee728b)  -> (artifact id: '783c6907c531b58c33f68b0fb69ef968') in 0.071252 seconds
  Import took 0.073308 seconds .

========================================================================
Received Import Request.
  Time since last request: 0.000206 seconds.
  path: Assets/bins.prefab
  artifactKey: Guid(17a2825e8d90c4b6b9ebbda32f76e1b9) Importer(815301076,1909f56bfc062723c751e8b465ee728b)
Start importing Assets/bins.prefab using Guid(17a2825e8d90c4b6b9ebbda32f76e1b9) Importer(815301076,1909f56bfc062723c751e8b465ee728b)  -> (artifact id: 'f5902ff79374cce2cfee5601a0558919') in 0.447450 seconds
  Import took 0.449794 seconds .

========================================================================
Received Import Request.
  Time since last request: 0.000183 seconds.
  path: Assets/Assembly 1.obj
  artifactKey: Guid(3a3fa7a8233d14d1cb29a5d1508a8fde) Importer(815301076,1909f56bfc062723c751e8b465ee728b)
Start importing Assets/Assembly 1.obj using Guid(3a3fa7a8233d14d1cb29a5d1508a8fde) Importer(815301076,1909f56bfc062723c751e8b465ee728b)  -> (artifact id: '7a016d389a0494e2d8180d593c2d0453') in 0.066697 seconds
  Import took 0.068775 seconds .

========================================================================
Received Import Request.
  Time since last request: 0.000190 seconds.
  path: Assets/gate.obj
  artifactKey: Guid(a49e60674a5d742429b5c95e284fdc19) Importer(815301076,1909f56bfc062723c751e8b465ee728b)
Start importing Assets/gate.obj using Guid(a49e60674a5d742429b5c95e284fdc19) Importer(815301076,1909f56bfc062723c751e8b465ee728b)  -> (artifact id: 'a849b788120715133b0816f0c31cb223') in 0.102775 seconds
  Import took 0.105190 seconds .

========================================================================
Received Import Request.
  Time since last request: 0.000247 seconds.
  path: Assets/AS-1.obj
  artifactKey: Guid(5af7a75577a3645638ac27e8b3a14db4) Importer(815301076,1909f56bfc062723c751e8b465ee728b)
Start importing Assets/AS-1.obj using Guid(5af7a75577a3645638ac27e8b3a14db4) Importer(815301076,1909f56bfc062723c751e8b465ee728b)  -> (artifact id: '2c5a2aa62f6e051cf4aba390f6e997b6') in 0.030447 seconds
  Import took 0.032961 seconds .

========================================================================
Received Import Request.
  Time since last request: 0.000217 seconds.
  path: Assets/octagon v1.obj
  artifactKey: Guid(0a8addb44e8444acfa637211c85af3ec) Importer(815301076,1909f56bfc062723c751e8b465ee728b)
Start importing Assets/octagon v1.obj using Guid(0a8addb44e8444acfa637211c85af3ec) Importer(815301076,1909f56bfc062723c751e8b465ee728b)  -> (artifact id: 'b16a024e3cce904a97c2118cd91ca173') in 0.046576 seconds
  Import took 0.049459 seconds .

========================================================================
Received Import Request.
  Time since last request: 0.000217 seconds.
  path: Assets/AnyConv.com__WL-52046-2_DVL_Bracket_BROV2.fbx
  artifactKey: Guid(8f746613bba42443c944dd18cbcdb425) Importer(815301076,1909f56bfc062723c751e8b465ee728b)
Start importing Assets/AnyConv.com__WL-52046-2_DVL_Bracket_BROV2.fbx using Guid(8f746613bba42443c944dd18cbcdb425) Importer(815301076,1909f56bfc062723c751e8b465ee728b)  -> (artifact id: 'ff6e5349f1fa0b38222d3ab54c4086d3') in 0.023815 seconds
  Import took 0.027023 seconds .

========================================================================
Received Import Request.
  Time since last request: 0.000255 seconds.
  path: Assets/Assembly 1-2.obj
  artifactKey: Guid(cdf50a62cb74247d5ae680d7c159cde7) Importer(815301076,1909f56bfc062723c751e8b465ee728b)
Start importing Assets/Assembly 1-2.obj using Guid(cdf50a62cb74247d5ae680d7c159cde7) Importer(815301076,1909f56bfc062723c751e8b465ee728b)  -> (artifact id: '2594bf13a6daeffbf918ed3e71044bcd') in 0.052024 seconds
  Import took 0.055298 seconds .

========================================================================
Received Import Request.
  Time since last request: 1.910107 seconds.
  path: Assets/torpedo assembly for video.fbx
  artifactKey: Guid(04ddaaa88d9b74bc88318d067c9f3d36) Importer(815301076,1909f56bfc062723c751e8b465ee728b)
Start importing Assets/torpedo assembly for video.fbx using Guid(04ddaaa88d9b74bc88318d067c9f3d36) Importer(815301076,1909f56bfc062723c751e8b465ee728b)  -> (artifact id: '1bb204af756ac04b99262203c5cc3b4e') in 0.425002 seconds
  Import took 0.430090 seconds .

========================================================================
Received Import Request.
  Time since last request: 0.000294 seconds.
  path: Assets/torpedofull.prefab
  artifactKey: Guid(d613c0dc80698444fb32f8218be7c102) Importer(815301076,1909f56bfc062723c751e8b465ee728b)
Start importing Assets/torpedofull.prefab using Guid(d613c0dc80698444fb32f8218be7c102) Importer(815301076,1909f56bfc062723c751e8b465ee728b)  -> (artifact id: '2164e3bf037010e448f86998e9f08641') in 0.055124 seconds
  Import took 0.060145 seconds .

========================================================================
Received Prepare
Registering precompiled user dll's ...
Registered in 0.000467 seconds.
Begin MonoManager ReloadAssembly
Native extension for OSXStandalone target not found
Refreshing native plugins compatible for Editor in 0.35 ms, found 1 plugins.
Preloading 0 native plugins for Editor in 0.00 ms.
Mono: successfully reloaded assembly
- Completed reload, in  1.289 seconds
Platform modules already initialized, skipping
Refreshing native plugins compatible for Editor in 0.37 ms, found 1 plugins.
Preloading 0 native plugins for Editor in 0.00 ms.
Unloading 1116 Unused Serialized files (Serialized files now loaded: 0)
System memory in use before: 132.7 MB.
System memory in use after: 132.8 MB.

Unloading 5 unused Assets to reduce memory usage. Loaded Objects now: 1609.
Total: 2.248082 ms (FindLiveObjects: 0.721530 ms CreateObjectMapping: 0.059843 ms MarkObjects: 1.392781 ms  DeleteObjects: 0.072905 ms)

========================================================================
Received Import Request.
  Time since last request: 1539.690674 seconds.
  path: Assets/Gun 2.prefab
  artifactKey: Guid(f133998784ae44a4188bdbd352868e97) Importer(815301076,1909f56bfc062723c751e8b465ee728b)
Start importing Assets/Gun 2.prefab using Guid(f133998784ae44a4188bdbd352868e97) Importer(815301076,1909f56bfc062723c751e8b465ee728b)  -> (artifact id: '1c163e5a9dd2c241278993dcadf419ad') in 0.763959 seconds
  Import took 0.966278 seconds .

========================================================================
Received Import Request.
  Time since last request: 11.031513 seconds.
  path: Assets/Cube.prefab
  artifactKey: Guid(ec9c65263a2764c85823c19d04b2f93b) Importer(815301076,1909f56bfc062723c751e8b465ee728b)
Start importing Assets/Cube.prefab using Guid(ec9c65263a2764c85823c19d04b2f93b) Importer(815301076,1909f56bfc062723c751e8b465ee728b)  -> (artifact id: '50193bf280dc6d391f74805daa471ec4') in 0.022802 seconds
  Import took 0.025891 seconds .

========================================================================
Received Import Request.
  Time since last request: 5.262848 seconds.
  path: Assets/Cube (1).prefab
  artifactKey: Guid(d62b6814fb9fd427f86134adc107035d) Importer(815301076,1909f56bfc062723c751e8b465ee728b)
Start importing Assets/Cube (1).prefab using Guid(d62b6814fb9fd427f86134adc107035d) Importer(815301076,1909f56bfc062723c751e8b465ee728b)  -> (artifact id: '3774380a11652a3056c952306dfb02cd') in 0.019077 seconds
  Import took 0.023059 seconds .

========================================================================
Received Import Request.
  Time since last request: 4.437715 seconds.
  path: Assets/Cube (2).prefab
  artifactKey: Guid(4bee3cbbfa5644a73ad20b8d134773dc) Importer(815301076,1909f56bfc062723c751e8b465ee728b)
Start importing Assets/Cube (2).prefab using Guid(4bee3cbbfa5644a73ad20b8d134773dc) Importer(815301076,1909f56bfc062723c751e8b465ee728b)  -> (artifact id: 'b28bb6aecbf7fccabc62bfab646ed042') in 0.014558 seconds
  Import took 0.016807 seconds .

========================================================================
Received Import Request.
  Time since last request: 4.187430 seconds.
  path: Assets/Cube (4).prefab
  artifactKey: Guid(c84a62a693b5f41e78c8e924c110fca9) Importer(815301076,1909f56bfc062723c751e8b465ee728b)
Start importing Assets/Cube (4).prefab using Guid(c84a62a693b5f41e78c8e924c110fca9) Importer(815301076,1909f56bfc062723c751e8b465ee728b)  -> (artifact id: 'deaf3661334e2c0a1ddf879f3fec36a0') in 0.018402 seconds
  Import took 0.022642 seconds .

========================================================================
Received Import Request.
  Time since last request: 5.174907 seconds.
  path: Assets/Cube (3).prefab
  artifactKey: Guid(074984d8b2c0b482494a4bc1de7ab924) Importer(815301076,1909f56bfc062723c751e8b465ee728b)
Start importing Assets/Cube (3).prefab using Guid(074984d8b2c0b482494a4bc1de7ab924) Importer(815301076,1909f56bfc062723c751e8b465ee728b)  -> (artifact id: 'fd1b116c40075f5496a2e17955dacce8') in 0.019162 seconds
  Import took 0.023039 seconds .

========================================================================
Received Import Request.
  Time since last request: 5.393113 seconds.
  path: Assets/Gun 1.prefab
  artifactKey: Guid(6133a7ecd37ab442f8530c209be0aa86) Importer(815301076,1909f56bfc062723c751e8b465ee728b)
Start importing Assets/Gun 1.prefab using Guid(6133a7ecd37ab442f8530c209be0aa86) Importer(815301076,1909f56bfc062723c751e8b465ee728b)  -> (artifact id: '058d22066498e15880b0cabeafb2f5d9') in 0.021258 seconds
  Import took 0.025432 seconds .

========================================================================
Received Import Request.
  Time since last request: 5.439438 seconds.
  path: Assets/Badge 1.prefab
  artifactKey: Guid(14eb3884744e4404a9f20e4190edb983) Importer(815301076,1909f56bfc062723c751e8b465ee728b)
Start importing Assets/Badge 1.prefab using Guid(14eb3884744e4404a9f20e4190edb983) Importer(815301076,1909f56bfc062723c751e8b465ee728b)  -> (artifact id: '647bcab292cb7d5e34b44ddb4ef1f095') in 0.018319 seconds
  Import took 0.020453 seconds .

========================================================================
Received Import Request.
  Time since last request: 3.884647 seconds.
  path: Assets/Badge 2.prefab
  artifactKey: Guid(812f86d2ccca34b2ab38e3bbf9adbede) Importer(815301076,1909f56bfc062723c751e8b465ee728b)
Start importing Assets/Badge 2.prefab using Guid(812f86d2ccca34b2ab38e3bbf9adbede) Importer(815301076,1909f56bfc062723c751e8b465ee728b)  -> (artifact id: '70af6fc91ed94914b01552156508abc7') in 0.018977 seconds
  Import took 0.024066 seconds .

========================================================================
Received Import Request.
  Time since last request: 236.484353 seconds.
  path: Assets/Materials/Screen Shot 2021-05-22 at 3.11.11 PM.png
  artifactKey: Guid(def609c1c10cf47b7bd6367f136676eb) Importer(815301076,1909f56bfc062723c751e8b465ee728b)
Start importing Assets/Materials/Screen Shot 2021-05-22 at 3.11.11 PM.png using Guid(def609c1c10cf47b7bd6367f136676eb) Importer(815301076,1909f56bfc062723c751e8b465ee728b)  -> (artifact id: 'd80e19ca4520be6c50378bbf2dea22f5') in 1.665994 seconds
  Import took 1.702104 seconds .

========================================================================
Received Import Request.
  Time since last request: 0.005980 seconds.
  path: Assets/Materials/Screen Shot 2021-04-18 at 7.12.01 PM.png
  artifactKey: Guid(7d552e4e3c28347f489372f0efee6761) Importer(815301076,1909f56bfc062723c751e8b465ee728b)
Start importing Assets/Materials/Screen Shot 2021-04-18 at 7.12.01 PM.png using Guid(7d552e4e3c28347f489372f0efee6761) Importer(815301076,1909f56bfc062723c751e8b465ee728b)  -> (artifact id: 'e182ecaf6db54ac61e47eaadfa1bbadf') in 0.014891 seconds
  Import took 0.018041 seconds .

========================================================================
Received Import Request.
  Time since last request: 0.002863 seconds.
  path: Assets/Materials/Screen Shot 2021-04-18 at 7.10.23 PM.png
  artifactKey: Guid(d833b70bbe6374da2b17276dd0c38410) Importer(815301076,1909f56bfc062723c751e8b465ee728b)
Start importing Assets/Materials/Screen Shot 2021-04-18 at 7.10.23 PM.png using Guid(d833b70bbe6374da2b17276dd0c38410) Importer(815301076,1909f56bfc062723c751e8b465ee728b)  -> (artifact id: '72eb0a08686027bd1e501061dcb28d8f') in 0.009275 seconds
  Import took 0.011838 seconds .

========================================================================
Received Import Request.
  Time since last request: 0.004913 seconds.
  path: Assets/Materials
  artifactKey: Guid(b61db02cdd9d34f2f866acf28651d5b6) Importer(815301076,1909f56bfc062723c751e8b465ee728b)
Start importing Assets/Materials using Guid(b61db02cdd9d34f2f866acf28651d5b6) Importer(815301076,1909f56bfc062723c751e8b465ee728b)  -> (artifact id: '0e018a96b174332acfa8276d268b2f39') in 0.001874 seconds
  Import took 0.005648 seconds .

========================================================================
Received Import Request.
  Time since last request: 0.007446 seconds.
  path: Assets/Materials/G-man.png
  artifactKey: Guid(feee40330b9ed4912b968da49b37a5d0) Importer(815301076,1909f56bfc062723c751e8b465ee728b)
Start importing Assets/Materials/G-man.png using Guid(feee40330b9ed4912b968da49b37a5d0) Importer(815301076,1909f56bfc062723c751e8b465ee728b)  -> (artifact id: '1e2810de5b61dbb902cebd2acb2d08bd') in 0.012229 seconds
  Import took 0.016252 seconds .

========================================================================
Received Import Request.
  Time since last request: 0.004073 seconds.
  path: Assets/Materials/Bootlegger.png
  artifactKey: Guid(67e1b99aedd624a6587d461066a6cc1d) Importer(815301076,1909f56bfc062723c751e8b465ee728b)
Start importing Assets/Materials/Bootlegger.png using Guid(67e1b99aedd624a6587d461066a6cc1d) Importer(815301076,1909f56bfc062723c751e8b465ee728b)  -> (artifact id: '7f6d63fe68e8e41fe14f832129117ab4') in 0.009147 seconds
  Import took 0.012698 seconds .

