Base path: '/Users/saxenapratham6/Unity/2019.2.9f1/Unity.app/Contents', plugins path '/Users/saxenapratham6/Unity/2019.2.9f1/Unity.app/Contents/PlaybackEngines'
Cmd: initializeCompiler
Cmd: compileComputeKernel
  api=14 insize=10881 outsize=10544 ok=1
Cmd: translateComputeKernel
  api=14 insize=5372 outsize=7534 ok=1
Cmd: compileComputeKernel
  api=14 insize=18299 outsize=9375 ok=1
Cmd: compileComputeKernel
  api=14 insize=18299 outsize=11742 ok=1
Cmd: translateComputeKernel
  api=14 insize=9597 outsize=16409 ok=1
Cmd: translateComputeKernel
  api=14 insize=11742 outsize=25434 ok=1
Cmd: compileComputeKernel
  api=14 insize=8324 outsize=2700 ok=1
Cmd: translateComputeKernel
  api=14 insize=2965 outsize=3498 ok=1
Cmd: compileComputeKernel
  api=14 insize=4413 outsize=3223 ok=1
Cmd: translateComputeKernel
  api=14 insize=2783 outsize=4104 ok=1
Cmd: compileComputeKernel
  error: 1 plat 14 at Tensor.cginc(112): use of potentially uninitialized variable (ReadonlyTensor::SafeGet)
  error: 1 plat 14 at Tensor.cginc(279): use of potentially uninitialized variable (SharedTensor::SafeGet)
  api=14 insize=11059 outsize=7488 ok=1
Cmd: compileComputeKernel
  api=14 insize=3072 outsize=815 ok=1
Cmd: compileComputeKernel
  error: 1 plat 14 at Tensor.cginc(112): use of potentially uninitialized variable (ReadonlyTensor::SafeGet)
  api=14 insize=22218 outsize=4398 ok=1
Cmd: compileComputeKernel
  api=14 insize=22218 outsize=2764 ok=1
Cmd: compileComputeKernel
  api=14 insize=22218 outsize=3351 ok=1
Cmd: translateComputeKernel
  api=14 insize=4418 outsize=6503 ok=1
Cmd: translateComputeKernel
  api=14 insize=2998 outsize=3159 ok=1
Cmd: translateComputeKernel
  api=14 insize=3586 outsize=4478 ok=1
Cmd: compileComputeKernel
  api=14 insize=15584 outsize=2139 ok=1
Cmd: compileComputeKernel
  api=14 insize=15584 outsize=2187 ok=1
Cmd: compileComputeKernel
  api=14 insize=15584 outsize=2200 ok=1
Cmd: translateComputeKernel
  api=14 insize=2132 outsize=2848 ok=1
Cmd: translateComputeKernel
  api=14 insize=2286 outsize=2940 ok=1
Cmd: translateComputeKernel
  api=14 insize=2119 outsize=2845 ok=1
Cmd: compileSnippet
  api=14 type=0 insize=1596 outsize=5891 kw=UNITY_PASS_FORWARDBASE DIRECTIONAL LIGHTPROBE_SH FOG_EXP2 _NORMALMAP _PARALLAXMAP pd=UNITY_ENABLE_REFLECTION_BUFFERS UNITY_USE_DITHER_MASK_FOR_ALPHABLENDED_SHADOWS UNITY_PBS_USE_BRDF1 UNITY_SPECCUBE_BOX_PROJECTION UNITY_SPECCUBE_BLENDING UNITY_ENABLE_DETAIL_NORMALMAP SHADER_API_DESKTOP UNITY_LIGHT_PROBE_PROXY_VOLUME UNITY_LIGHTMAP_FULL_HDR ok=1
Cmd: compileSnippet
  api=14 type=0 insize=11538 outsize=1103 kw=BLOOM GRAIN COLOR_GRADING_HDR_3D pd=UNITY_ENABLE_REFLECTION_BUFFERS UNITY_USE_DITHER_MASK_FOR_ALPHABLENDED_SHADOWS UNITY_PBS_USE_BRDF1 UNITY_SPECCUBE_BOX_PROJECTION UNITY_SPECCUBE_BLENDING UNITY_ENABLE_DETAIL_NORMALMAP SHADER_API_DESKTOP UNITY_LIGHT_PROBE_PROXY_VOLUME UNITY_LIGHTMAP_FULL_HDR ok=1
Cmd: compileSnippet
  api=14 type=1 insize=1596 outsize=16105 kw=UNITY_PASS_FORWARDBASE DIRECTIONAL SHADOWS_SCREEN LIGHTPROBE_SH FOG_EXP2 pd=UNITY_ENABLE_REFLECTION_BUFFERS UNITY_USE_DITHER_MASK_FOR_ALPHABLENDED_SHADOWS UNITY_PBS_USE_BRDF1 UNITY_SPECCUBE_BOX_PROJECTION UNITY_SPECCUBE_BLENDING UNITY_ENABLE_DETAIL_NORMALMAP SHADER_API_DESKTOP UNITY_LIGHT_PROBE_PROXY_VOLUME UNITY_LIGHTMAP_FULL_HDR ok=1
